\BOOKMARK [0][-]{chapter.1}{\376\377\0001\000\040\000F\000i\000l\000e\000\040\000I\000n\000d\000e\000x}{}% 1
\BOOKMARK [1][-]{section.1.1}{\376\377\0001\000.\0001\000\040\000F\000i\000l\000e\000\040\000L\000i\000s\000t}{chapter.1}% 2
\BOOKMARK [0][-]{chapter.2}{\376\377\0002\000\040\000F\000i\000l\000e\000\040\000D\000o\000c\000u\000m\000e\000n\000t\000a\000t\000i\000o\000n}{}% 3
\BOOKMARK [1][-]{section.2.1}{\376\377\0002\000.\0001\000\040\000/\000U\000s\000e\000r\000s\000/\000F\000a\000b\000i\000a\000n\000F\000r\000a\000n\000z\000/\000D\000e\000v\000e\000l\000o\000p\000m\000e\000n\000t\000/\000P\000r\000o\000j\000e\000c\000t\000s\000/\000A\000V\000R\000C\000u\000b\000e\000R\000e\000v\0002\000/\000A\000v\000r\000C\000u\000b\000e\000V\0002\000C\000o\000d\000e\000/\000s\000r\000c\000/\000m\000a\000i\000n\000.\000c\000p\000p\000\040\000F\000i\000l\000e\000\040\000R\000e\000f\000e\000r\000e\000n\000c\000e}{chapter.2}% 4
\BOOKMARK [2][-]{subsection.2.1.1}{\376\377\0002\000.\0001\000.\0001\000\040\000D\000e\000t\000a\000i\000l\000e\000d\000\040\000D\000e\000s\000c\000r\000i\000p\000t\000i\000o\000n}{section.2.1}% 5
\BOOKMARK [2][-]{subsection.2.1.2}{\376\377\0002\000.\0001\000.\0002\000\040\000F\000u\000n\000c\000t\000i\000o\000n\000\040\000D\000o\000c\000u\000m\000e\000n\000t\000a\000t\000i\000o\000n}{section.2.1}% 6
\BOOKMARK [3][-]{subsubsection.2.1.2.1}{\376\377\0002\000.\0001\000.\0002\000.\0001\000\040\000c\000a\000l\000i\000b\000r\000a\000t\000e\000\050\000\051}{subsection.2.1.2}% 7
\BOOKMARK [3][-]{subsubsection.2.1.2.2}{\376\377\0002\000.\0001\000.\0002\000.\0002\000\040\000d\000e\000I\000n\000i\000t\000\050\000\051}{subsection.2.1.2}% 8
\BOOKMARK [3][-]{subsubsection.2.1.2.3}{\376\377\0002\000.\0001\000.\0002\000.\0003\000\040\000d\000i\000c\000e\000\050\000\051}{subsection.2.1.2}% 9
\BOOKMARK [3][-]{subsubsection.2.1.2.4}{\376\377\0002\000.\0001\000.\0002\000.\0004\000\040\000d\000y\000n\000a\000m\000i\000c\000D\000e\000l\000a\000y\000\050\000\051}{subsection.2.1.2}% 10
\BOOKMARK [3][-]{subsubsection.2.1.2.5}{\376\377\0002\000.\0001\000.\0002\000.\0005\000\040\000g\000e\000t\000A\000c\000c\000e\000l\000e\000r\000a\000t\000i\000o\000n\000\050\000\051}{subsection.2.1.2}% 11
\BOOKMARK [3][-]{subsubsection.2.1.2.6}{\376\377\0002\000.\0001\000.\0002\000.\0006\000\040\000g\000e\000t\000A\000n\000g\000l\000e\000\050\000\051}{subsection.2.1.2}% 12
\BOOKMARK [3][-]{subsubsection.2.1.2.7}{\376\377\0002\000.\0001\000.\0002\000.\0007\000\040\000m\000o\000t\000i\000o\000n\000D\000e\000t\000e\000c\000t\000e\000d\000\050\000\051}{subsection.2.1.2}% 13
\BOOKMARK [3][-]{subsubsection.2.1.2.8}{\376\377\0002\000.\0001\000.\0002\000.\0008\000\040\000r\000e\000a\000d\000R\000e\000g\000i\000s\000t\000e\000r\000\050\000\051}{subsection.2.1.2}% 14
\BOOKMARK [3][-]{subsubsection.2.1.2.9}{\376\377\0002\000.\0001\000.\0002\000.\0009\000\040\000r\000x\000\050\000\051}{subsection.2.1.2}% 15
\BOOKMARK [3][-]{subsubsection.2.1.2.10}{\376\377\0002\000.\0001\000.\0002\000.\0001\0000\000\040\000s\000e\000t\000L\000e\000d\000P\000i\000n\000s\000\050\000\051}{subsection.2.1.2}% 16
\BOOKMARK [3][-]{subsubsection.2.1.2.11}{\376\377\0002\000.\0001\000.\0002\000.\0001\0001\000\040\000s\000e\000t\000S\000C\000L\000\050\000\051}{subsection.2.1.2}% 17
\BOOKMARK [3][-]{subsubsection.2.1.2.12}{\376\377\0002\000.\0001\000.\0002\000.\0001\0002\000\040\000s\000e\000t\000S\000D\000A\000\050\000\051}{subsection.2.1.2}% 18
\BOOKMARK [3][-]{subsubsection.2.1.2.13}{\376\377\0002\000.\0001\000.\0002\000.\0001\0003\000\040\000s\000h\000o\000w\000C\000r\000o\000s\000s\000\050\000\051}{subsection.2.1.2}% 19
\BOOKMARK [3][-]{subsubsection.2.1.2.14}{\376\377\0002\000.\0001\000.\0002\000.\0001\0004\000\040\000s\000h\000o\000w\000H\000o\000o\000k\000\050\000\051}{subsection.2.1.2}% 20
\BOOKMARK [3][-]{subsubsection.2.1.2.15}{\376\377\0002\000.\0001\000.\0002\000.\0001\0005\000\040\000s\000h\000o\000w\000N\000u\000m\000b\000e\000r\000\050\000\051}{subsection.2.1.2}% 21
\BOOKMARK [3][-]{subsubsection.2.1.2.16}{\376\377\0002\000.\0001\000.\0002\000.\0001\0006\000\040\000s\000p\000r\000i\000t\000L\000e\000v\000e\000l\000\050\000\051}{subsection.2.1.2}% 22
\BOOKMARK [3][-]{subsubsection.2.1.2.17}{\376\377\0002\000.\0001\000.\0002\000.\0001\0007\000\040\000s\000t\000a\000r\000t\000\050\000\051}{subsection.2.1.2}% 23
\BOOKMARK [3][-]{subsubsection.2.1.2.18}{\376\377\0002\000.\0001\000.\0002\000.\0001\0008\000\040\000s\000t\000o\000p\000\050\000\051}{subsection.2.1.2}% 24
\BOOKMARK [3][-]{subsubsection.2.1.2.19}{\376\377\0002\000.\0001\000.\0002\000.\0001\0009\000\040\000t\000e\000s\000t\000I\0002\000C\000\137\000r\000e\000a\000d\000\050\000\051}{subsection.2.1.2}% 25
\BOOKMARK [3][-]{subsubsection.2.1.2.20}{\376\377\0002\000.\0001\000.\0002\000.\0002\0000\000\040\000t\000e\000s\000t\000L\000e\000d\000s\000\050\000\051}{subsection.2.1.2}% 26
\BOOKMARK [3][-]{subsubsection.2.1.2.21}{\376\377\0002\000.\0001\000.\0002\000.\0002\0001\000\040\000t\000x\000\050\000\051}{subsection.2.1.2}% 27
\BOOKMARK [3][-]{subsubsection.2.1.2.22}{\376\377\0002\000.\0001\000.\0002\000.\0002\0002\000\040\000w\000r\000i\000t\000e\000R\000e\000g\000i\000s\000t\000e\000r\000\050\000\051}{subsection.2.1.2}% 28
\BOOKMARK [2][-]{subsection.2.1.3}{\376\377\0002\000.\0001\000.\0003\000\040\000V\000a\000r\000i\000a\000b\000l\000e\000\040\000D\000o\000c\000u\000m\000e\000n\000t\000a\000t\000i\000o\000n}{section.2.1}% 29
\BOOKMARK [3][-]{subsubsection.2.1.3.1}{\376\377\0002\000.\0001\000.\0003\000.\0001\000\040\000e\000l\000s\000e}{subsection.2.1.3}% 30
\BOOKMARK [1][-]{section.2.2}{\376\377\0002\000.\0002\000\040\000/\000U\000s\000e\000r\000s\000/\000F\000a\000b\000i\000a\000n\000F\000r\000a\000n\000z\000/\000D\000e\000v\000e\000l\000o\000p\000m\000e\000n\000t\000/\000P\000r\000o\000j\000e\000c\000t\000s\000/\000A\000V\000R\000C\000u\000b\000e\000R\000e\000v\0002\000/\000A\000v\000r\000C\000u\000b\000e\000V\0002\000C\000o\000d\000e\000/\000s\000r\000c\000/\000m\000a\000i\000n\000.\000h\000p\000p\000\040\000F\000i\000l\000e\000\040\000R\000e\000f\000e\000r\000e\000n\000c\000e}{chapter.2}% 31
\BOOKMARK [2][-]{subsection.2.2.1}{\376\377\0002\000.\0002\000.\0001\000\040\000D\000e\000t\000a\000i\000l\000e\000d\000\040\000D\000e\000s\000c\000r\000i\000p\000t\000i\000o\000n}{section.2.2}% 32
\BOOKMARK [2][-]{subsection.2.2.2}{\376\377\0002\000.\0002\000.\0002\000\040\000F\000u\000n\000c\000t\000i\000o\000n\000\040\000D\000o\000c\000u\000m\000e\000n\000t\000a\000t\000i\000o\000n}{section.2.2}% 33
\BOOKMARK [3][-]{subsubsection.2.2.2.1}{\376\377\0002\000.\0002\000.\0002\000.\0001\000\040\000c\000a\000l\000i\000b\000r\000a\000t\000e\000\050\000\051}{subsection.2.2.2}% 34
\BOOKMARK [3][-]{subsubsection.2.2.2.2}{\376\377\0002\000.\0002\000.\0002\000.\0002\000\040\000d\000e\000I\000n\000i\000t\000\050\000\051}{subsection.2.2.2}% 35
\BOOKMARK [3][-]{subsubsection.2.2.2.3}{\376\377\0002\000.\0002\000.\0002\000.\0003\000\040\000d\000i\000c\000e\000\050\000\051}{subsection.2.2.2}% 36
\BOOKMARK [3][-]{subsubsection.2.2.2.4}{\376\377\0002\000.\0002\000.\0002\000.\0004\000\040\000d\000y\000n\000a\000m\000i\000c\000D\000e\000l\000a\000y\000\050\000\051}{subsection.2.2.2}% 37
\BOOKMARK [3][-]{subsubsection.2.2.2.5}{\376\377\0002\000.\0002\000.\0002\000.\0005\000\040\000g\000e\000t\000A\000c\000c\000e\000l\000e\000r\000a\000t\000i\000o\000n\000\050\000\051}{subsection.2.2.2}% 38
\BOOKMARK [3][-]{subsubsection.2.2.2.6}{\376\377\0002\000.\0002\000.\0002\000.\0006\000\040\000g\000e\000t\000A\000n\000g\000l\000e\000\050\000\051}{subsection.2.2.2}% 39
\BOOKMARK [3][-]{subsubsection.2.2.2.7}{\376\377\0002\000.\0002\000.\0002\000.\0007\000\040\000m\000o\000t\000i\000o\000n\000D\000e\000t\000e\000c\000t\000e\000d\000\050\000\051}{subsection.2.2.2}% 40
\BOOKMARK [3][-]{subsubsection.2.2.2.8}{\376\377\0002\000.\0002\000.\0002\000.\0008\000\040\000r\000e\000a\000d\000R\000e\000g\000i\000s\000t\000e\000r\000\050\000\051}{subsection.2.2.2}% 41
\BOOKMARK [3][-]{subsubsection.2.2.2.9}{\376\377\0002\000.\0002\000.\0002\000.\0009\000\040\000r\000x\000\050\000\051}{subsection.2.2.2}% 42
\BOOKMARK [3][-]{subsubsection.2.2.2.10}{\376\377\0002\000.\0002\000.\0002\000.\0001\0000\000\040\000s\000e\000t\000L\000e\000d\000P\000i\000n\000s\000\050\000\051}{subsection.2.2.2}% 43
\BOOKMARK [3][-]{subsubsection.2.2.2.11}{\376\377\0002\000.\0002\000.\0002\000.\0001\0001\000\040\000s\000e\000t\000S\000C\000L\000\050\000\051}{subsection.2.2.2}% 44
\BOOKMARK [3][-]{subsubsection.2.2.2.12}{\376\377\0002\000.\0002\000.\0002\000.\0001\0002\000\040\000s\000e\000t\000S\000D\000A\000\050\000\051}{subsection.2.2.2}% 45
\BOOKMARK [3][-]{subsubsection.2.2.2.13}{\376\377\0002\000.\0002\000.\0002\000.\0001\0003\000\040\000s\000h\000o\000w\000C\000r\000o\000s\000s\000\050\000\051}{subsection.2.2.2}% 46
\BOOKMARK [3][-]{subsubsection.2.2.2.14}{\376\377\0002\000.\0002\000.\0002\000.\0001\0004\000\040\000s\000h\000o\000w\000H\000o\000o\000k\000\050\000\051}{subsection.2.2.2}% 47
\BOOKMARK [3][-]{subsubsection.2.2.2.15}{\376\377\0002\000.\0002\000.\0002\000.\0001\0005\000\040\000s\000h\000o\000w\000N\000u\000m\000b\000e\000r\000\050\000\051}{subsection.2.2.2}% 48
\BOOKMARK [3][-]{subsubsection.2.2.2.16}{\376\377\0002\000.\0002\000.\0002\000.\0001\0006\000\040\000s\000p\000r\000i\000t\000L\000e\000v\000e\000l\000\050\000\051}{subsection.2.2.2}% 49
\BOOKMARK [3][-]{subsubsection.2.2.2.17}{\376\377\0002\000.\0002\000.\0002\000.\0001\0007\000\040\000s\000t\000a\000r\000t\000\050\000\051}{subsection.2.2.2}% 50
\BOOKMARK [3][-]{subsubsection.2.2.2.18}{\376\377\0002\000.\0002\000.\0002\000.\0001\0008\000\040\000s\000t\000o\000p\000\050\000\051}{subsection.2.2.2}% 51
\BOOKMARK [3][-]{subsubsection.2.2.2.19}{\376\377\0002\000.\0002\000.\0002\000.\0001\0009\000\040\000t\000e\000s\000t\000I\0002\000C\000\137\000r\000e\000a\000d\000\050\000\051}{subsection.2.2.2}% 52
\BOOKMARK [3][-]{subsubsection.2.2.2.20}{\376\377\0002\000.\0002\000.\0002\000.\0002\0000\000\040\000t\000e\000s\000t\000L\000e\000d\000s\000\050\000\051}{subsection.2.2.2}% 53
\BOOKMARK [3][-]{subsubsection.2.2.2.21}{\376\377\0002\000.\0002\000.\0002\000.\0002\0001\000\040\000t\000x\000\050\000\051}{subsection.2.2.2}% 54
\BOOKMARK [3][-]{subsubsection.2.2.2.22}{\376\377\0002\000.\0002\000.\0002\000.\0002\0002\000\040\000w\000r\000i\000t\000e\000R\000e\000g\000i\000s\000t\000e\000r\000\050\000\051}{subsection.2.2.2}% 55
\BOOKMARK [1][-]{section.2.3}{\376\377\0002\000.\0003\000\040\000m\000a\000i\000n\000.\000h\000p\000p}{chapter.2}% 56
\BOOKMARK [0][-]{section*.5}{\376\377\000I\000n\000d\000e\000x}{}% 57
