This is pdfTeX, Version 3.14159265-2.6-1.40.21 (TeX Live 2020) (preloaded format=pdflatex 2020.10.2)  15 SEP 2022 14:43
entering extended mode
 \write18 enabled.
 file:line:error style messages enabled.
 %&-line parsing enabled.
**/Users/FabianFranz/Development/Projects/AVRCubeRev2/AvrCubeV2Code/Doxygen/Output/latex/refman.tex
(/Users/FabianFranz/Development/Projects/AVRCubeRev2/AvrCubeV2Code/Doxygen/Output/latex/refman.tex
LaTeX2e <2020-02-02> patch level 5
L3 programming layer <2020-09-24> (/usr/local/texlive/2020/texmf-dist/tex/latex/base/book.cls
Document Class: book 2019/12/20 v1.4l Standard LaTeX document class
(/usr/local/texlive/2020/texmf-dist/tex/latex/base/bk10.clo
File: bk10.clo 2019/12/20 v1.4l Standard LaTeX file (size option)
)
\c@part=\count168
\c@chapter=\count169
\c@section=\count170
\c@subsection=\count171
\c@subsubsection=\count172
\c@paragraph=\count173
\c@subparagraph=\count174
\c@figure=\count175
\c@table=\count176
\abovecaptionskip=\skip47
\belowcaptionskip=\skip48
\bibindent=\dimen134
) (/usr/local/texlive/2020/texmf-dist/tex/latex/base/ifthen.sty
Package: ifthen 2014/09/29 v1.1c Standard LaTeX ifthen package (DPC)
) (/usr/local/texlive/2020/texmf-dist/tex/latex/tools/array.sty
Rollback for package 'array' requested -> date 2016-10-06.
         Best approximation is the release introduced on 2016-10-06.
 (/usr/local/texlive/2020/texmf-dist/tex/latex/tools/array-2016-10-06.sty
Package: array 2016/10/06 v2.4d Tabular extension package (FMi)
\col@sep=\dimen135
\extrarowheight=\dimen136
\NC@list=\toks15
\extratabsurround=\skip49
\backup@length=\skip50
)) (/usr/local/texlive/2020/texmf-dist/tex/latex/base/fixltx2e.sty
Package: fixltx2e 2016/12/29 v2.1a fixes to LaTeX (obsolete)
Applying: [2015/01/01] Old fixltx2e package on input line 46.


Package fixltx2e Warning: fixltx2e is not required with releases after 2015
(fixltx2e)                All fixes are now in the LaTeX kernel.
(fixltx2e)                See the latexrelease package for details.

Already applied: [0000/00/00] Old fixltx2e package on input line 53.
) (/Users/FabianFranz/Development/Projects/AVRCubeRev2/AvrCubeV2Code/Doxygen/Output/latex/doxygen.sty
Package: doxygen 
 (/usr/local/texlive/2020/texmf-dist/tex/latex/base/alltt.sty
Package: alltt 1997/06/16 v2.0g defines alltt environment
) (/usr/local/texlive/2020/texmf-dist/tex/latex/tools/calc.sty
Package: calc 2017/05/25 v4.3 Infix arithmetic (KKT,FJ)
\calc@Acount=\count177
\calc@Bcount=\count178
\calc@Adimen=\dimen137
\calc@Bdimen=\dimen138
\calc@Askip=\skip51
\calc@Bskip=\skip52
LaTeX Info: Redefining \setlength on input line 80.
LaTeX Info: Redefining \addtolength on input line 81.
\calc@Ccount=\count179
\calc@Cskip=\skip53
) (/usr/local/texlive/2020/texmf-dist/tex/latex/float/float.sty
Package: float 2001/11/08 v1.3d Float enhancements (AL)
\c@float@type=\count180
\float@exts=\toks16
\float@box=\box45
\@float@everytoks=\toks17
\@floatcapt=\box46
) (/usr/local/texlive/2020/texmf-dist/tex/latex/tools/verbatim.sty
Package: verbatim 2019/11/10 v1.5r LaTeX2e package for verbatim enhancements
\every@verbatim=\toks18
\verbatim@line=\toks19
\verbatim@in@stream=\read2
) (/usr/local/texlive/2020/texmf-dist/tex/latex/xcolor/xcolor.sty
Package: xcolor 2016/05/11 v2.12 LaTeX color extensions (UK)
 (/usr/local/texlive/2020/texmf-dist/tex/latex/graphics-cfg/color.cfg
File: color.cfg 2016/01/02 v1.6 sample color configuration
)
Package xcolor Info: Driver file: pdftex.def on input line 225.
 (/usr/local/texlive/2020/texmf-dist/tex/latex/graphics-def/pdftex.def
File: pdftex.def 2020/08/26 v1.2 Graphics/color driver for pdftex
) (/usr/local/texlive/2020/texmf-dist/tex/latex/colortbl/colortbl.sty
Package: colortbl 2020/01/04 v1.0e Color table columns (DPC)
\everycr=\toks20
\minrowclearance=\skip54
)
\rownum=\count181
Package xcolor Info: Model `cmy' substituted by `cmy0' on input line 1348.
Package xcolor Info: Model `hsb' substituted by `rgb' on input line 1352.
Package xcolor Info: Model `RGB' extended on input line 1364.
Package xcolor Info: Model `HTML' substituted by `rgb' on input line 1366.
Package xcolor Info: Model `Hsb' substituted by `hsb' on input line 1367.
Package xcolor Info: Model `tHsb' substituted by `hsb' on input line 1368.
Package xcolor Info: Model `HSB' substituted by `hsb' on input line 1369.
Package xcolor Info: Model `Gray' substituted by `gray' on input line 1370.
Package xcolor Info: Model `wave' substituted by `hsb' on input line 1371.
) (/Users/FabianFranz/Development/Projects/AVRCubeRev2/AvrCubeV2Code/Doxygen/Output/latex/longtable_doxygen.sty
Package: longtable_doxygen 2014/10/28 v4.11 Multi-page Table package (DPC) - frozen version for doxygen
\LTleft=\skip55
\LTright=\skip56
\LTpre=\skip57
\LTpost=\skip58
\LTchunksize=\count182
\LTcapwidth=\dimen139
\LT@head=\box47
\LT@firsthead=\box48
\LT@foot=\box49
\LT@lastfoot=\box50
\LT@cols=\count183
\LT@rows=\count184
\c@LT@tables=\count185
\c@LT@chunks=\count186
\LT@p@ftn=\toks21
) (/Users/FabianFranz/Development/Projects/AVRCubeRev2/AvrCubeV2Code/Doxygen/Output/latex/tabu_doxygen.sty
Package: tabu_doxygen 2011/02/26 v2.8 - flexible LaTeX tabulars (FC), frozen version for doxygen
 (/usr/local/texlive/2020/texmf-dist/tex/latex/varwidth/varwidth.sty
Package: varwidth 2009/03/30 ver 0.92;  Variable-width minipages
\@vwid@box=\box51
\sift@deathcycles=\count187
\@vwid@loff=\dimen140
\@vwid@roff=\dimen141
)
\c@taburow=\count188
\tabu@nbcols=\count189
\tabu@cnt=\count190
\tabu@Xcol=\count191
\tabu@alloc=\count192
\tabu@nested=\count193
\tabu@target=\dimen142
\tabu@spreadtarget=\dimen143
\tabu@naturalX=\dimen144
\tabucolX=\dimen145
\tabu@Xsum=\dimen146
\extrarowdepth=\dimen147
\abovetabulinesep=\dimen148
\belowtabulinesep=\dimen149
\tabustrutrule=\dimen150
\tabu@thebody=\toks22
\tabu@footnotes=\toks23
\tabu@box=\box52
\tabu@arstrutbox=\box53
\tabu@hleads=\box54
\tabu@vleads=\box55
\tabu@cellskip=\skip59
) (/usr/local/texlive/2020/texmf-dist/tex/latex/fancyvrb/fancyvrb.sty
Package: fancyvrb 2020/05/03 v3.6 verbatim text (tvz,hv)
 (/usr/local/texlive/2020/texmf-dist/tex/latex/graphics/keyval.sty
Package: keyval 2014/10/28 v1.15 key=value parser (DPC)
\KV@toks@=\toks24
)
\FV@CodeLineNo=\count194
\FV@InFile=\read3
\FV@TabBox=\box56
\c@FancyVerbLine=\count195
\FV@StepNumber=\count196
\FV@OutFile=\write3
) (/usr/local/texlive/2020/texmf-dist/tex/latex/tools/tabularx.sty
Package: tabularx 2020/01/15 v2.11c `tabularx' package (DPC)
\TX@col@width=\dimen151
\TX@old@table=\dimen152
\TX@old@col=\dimen153
\TX@target=\dimen154
\TX@delta=\dimen155
\TX@cols=\count197
\TX@ftn=\toks25
) (/usr/local/texlive/2020/texmf-dist/tex/latex/tools/multicol.sty
Package: multicol 2019/12/09 v1.8y multicolumn formatting (FMi)
\c@tracingmulticols=\count198
\mult@box=\box57
\multicol@leftmargin=\dimen156
\c@unbalance=\count199
\c@collectmore=\count266
\doublecol@number=\count267
\multicoltolerance=\count268
\multicolpretolerance=\count269
\full@width=\dimen157
\page@free=\dimen158
\premulticols=\dimen159
\postmulticols=\dimen160
\multicolsep=\skip60
\multicolbaselineskip=\skip61
\partial@page=\box58
\last@line=\box59
\maxbalancingoverflow=\dimen161
\mult@rightbox=\box60
\mult@grightbox=\box61
\mult@gfirstbox=\box62
\mult@firstbox=\box63
\@tempa=\box64
\@tempa=\box65
\@tempa=\box66
\@tempa=\box67
\@tempa=\box68
\@tempa=\box69
\@tempa=\box70
\@tempa=\box71
\@tempa=\box72
\@tempa=\box73
\@tempa=\box74
\@tempa=\box75
\@tempa=\box76
\@tempa=\box77
\@tempa=\box78
\@tempa=\box79
\@tempa=\box80
\@tempa=\box81
\@tempa=\box82
\@tempa=\box83
\@tempa=\box84
\@tempa=\box85
\@tempa=\box86
\@tempa=\box87
\@tempa=\box88
\@tempa=\box89
\@tempa=\box90
\@tempa=\box91
\@tempa=\box92
\@tempa=\box93
\@tempa=\box94
\@tempa=\box95
\@tempa=\box96
\@tempa=\box97
\@tempa=\box98
\@tempa=\box99
\@tempa=\box100
\c@minrows=\count270
\c@columnbadness=\count271
\c@finalcolumnbadness=\count272
\last@try=\dimen162
\multicolovershoot=\dimen163
\multicolundershoot=\dimen164
\mult@nat@firstbox=\box101
\colbreak@box=\box102
\mc@col@check@num=\count273
) (/usr/local/texlive/2020/texmf-dist/tex/latex/multirow/multirow.sty
Package: multirow 2019/05/31 v2.5 Span multiple rows of a table
\multirow@colwidth=\skip62
\multirow@cntb=\count274
\multirow@dima=\skip63
\bigstrutjot=\dimen165
) (/usr/local/texlive/2020/texmf-dist/tex/latex/hanging/hanging.sty
Package: hanging 2009/09/02 v1.2b hanging paragraphs and punctuation
\h@ngcommawd=\skip64
\h@ngfstopwd=\skip65
\h@ngquotewd=\skip66
\h@ngdquotewd=\skip67
\h@ngquerywd=\skip68
\h@ngexclwd=\skip69
\h@ngcolonwd=\skip70
\h@ngscolonwd=\skip71
) (/usr/local/texlive/2020/texmf-dist/tex/generic/iftex/ifpdf.sty
Package: ifpdf 2019/10/25 v3.4 ifpdf legacy package. Use iftex instead.
 (/usr/local/texlive/2020/texmf-dist/tex/generic/iftex/iftex.sty
Package: iftex 2020/03/06 v1.0d TeX engine tests
)) (/usr/local/texlive/2020/texmf-dist/tex/latex/adjustbox/adjustbox.sty
Package: adjustbox 2020/08/19 v1.3 Adjusting TeX boxes (trim, clip, ...)
 (/usr/local/texlive/2020/texmf-dist/tex/latex/xkeyval/xkeyval.sty
Package: xkeyval 2014/12/03 v2.7a package option processing (HA)
 (/usr/local/texlive/2020/texmf-dist/tex/generic/xkeyval/xkeyval.tex (/usr/local/texlive/2020/texmf-dist/tex/generic/xkeyval/xkvutils.tex
\XKV@toks=\toks26
\XKV@tempa@toks=\toks27
)
\XKV@depth=\count275
File: xkeyval.tex 2014/12/03 v2.7a key=value parser (HA)
)) (/usr/local/texlive/2020/texmf-dist/tex/latex/adjustbox/adjcalc.sty
Package: adjcalc 2012/05/16 v1.1 Provides advanced setlength with multiple back-ends (calc, etex, pgfmath)
) (/usr/local/texlive/2020/texmf-dist/tex/latex/adjustbox/trimclip.sty
Package: trimclip 2020/08/19 v1.2 Trim and clip general TeX material
 (/usr/local/texlive/2020/texmf-dist/tex/latex/graphics/graphicx.sty
Package: graphicx 2019/11/30 v1.2a Enhanced LaTeX Graphics (DPC,SPQR)
 (/usr/local/texlive/2020/texmf-dist/tex/latex/graphics/graphics.sty
Package: graphics 2019/11/30 v1.4a Standard LaTeX Graphics (DPC,SPQR)
 (/usr/local/texlive/2020/texmf-dist/tex/latex/graphics/trig.sty
Package: trig 2016/01/03 v1.10 sin cos tan (DPC)
) (/usr/local/texlive/2020/texmf-dist/tex/latex/graphics-cfg/graphics.cfg
File: graphics.cfg 2016/06/04 v1.11 sample graphics configuration
)
Package graphics Info: Driver file: pdftex.def on input line 105.
)
\Gin@req@height=\dimen166
\Gin@req@width=\dimen167
) (/usr/local/texlive/2020/texmf-dist/tex/latex/collectbox/collectbox.sty
Package: collectbox 2012/05/17 v0.4b Collect macro arguments as boxes
\collectedbox=\box103
)
\tc@llx=\dimen168
\tc@lly=\dimen169
\tc@urx=\dimen170
\tc@ury=\dimen171
Package trimclip Info: Using driver 'tc-pdftex.def'.
 (/usr/local/texlive/2020/texmf-dist/tex/latex/adjustbox/tc-pdftex.def
File: tc-pdftex.def 2019/01/04 v2.2 Clipping driver for pdftex
))
\adjbox@Width=\dimen172
\adjbox@Height=\dimen173
\adjbox@Depth=\dimen174
\adjbox@Totalheight=\dimen175
\adjbox@pwidth=\dimen176
\adjbox@pheight=\dimen177
\adjbox@pdepth=\dimen178
\adjbox@ptotalheight=\dimen179
 (/usr/local/texlive/2020/texmf-dist/tex/latex/ifoddpage/ifoddpage.sty
Package: ifoddpage 2016/04/23 v1.1 Conditionals for odd/even page detection
\c@checkoddpage=\count276
)) (/usr/local/texlive/2020/texmf-dist/tex/latex/amsfonts/amssymb.sty
Package: amssymb 2013/01/14 v3.01 AMS font symbols
 (/usr/local/texlive/2020/texmf-dist/tex/latex/amsfonts/amsfonts.sty
Package: amsfonts 2013/01/14 v3.01 Basic AMSFonts support
\@emptytoks=\toks28
\symAMSa=\mathgroup4
\symAMSb=\mathgroup5
LaTeX Font Info:    Redeclaring math symbol \hbar on input line 98.
LaTeX Font Info:    Overwriting math alphabet `\mathfrak' in version `bold'
(Font)                  U/euf/m/n --> U/euf/b/n on input line 106.
)) (/usr/local/texlive/2020/texmf-dist/tex/latex/stackengine/stackengine.sty
Package: stackengine 2017/02/13 v4.01\ Stacking text and objects in convenient ways
 (/usr/local/texlive/2020/texmf-dist/tex/latex/etoolbox/etoolbox.sty
Package: etoolbox 2020/08/24 v2.5j e-TeX tools for LaTeX (JAW)
\etb@tempcnta=\count277
) (/usr/local/texlive/2020/texmf-dist/tex/generic/listofitems/listofitems.sty (/usr/local/texlive/2020/texmf-dist/tex/generic/listofitems/listofitems.tex
\loi_cnt_foreach_nest=\count278
\loi_nestcnt=\count279
)
Package: listofitems 2019/08/21 v1.63 Grab items in lists using user-specified sep char (CT)
)
\c@@stackindex=\count280
\@boxshift=\skip72
\stack@tmplength=\skip73
\temp@stkl=\skip74
\@stackedboxwidth=\skip75
\@addedbox=\box104
\@anchorbox=\box105
\stackedbox=\box106
\@centerbox=\box107
\c@ROWcellindex@=\count281
) (/usr/local/texlive/2020/texmf-dist/tex/latex/enumitem/enumitem.sty
Package: enumitem 2019/06/20 v3.9 Customized lists
\labelindent=\skip76
\enit@outerparindent=\dimen180
\enit@toks=\toks29
\enit@inbox=\box108
\enit@count@id=\count282
\enitdp@description=\count283
) (/usr/local/texlive/2020/texmf-dist/tex/generic/alphalph/alphalph.sty
Package: alphalph 2019/12/09 v2.6 Convert numbers to letters (HO)
 (/usr/local/texlive/2020/texmf-dist/tex/generic/infwarerr/infwarerr.sty
Package: infwarerr 2019/12/03 v1.5 Providing info/warning/error messages (HO)
) (/usr/local/texlive/2020/texmf-dist/tex/generic/intcalc/intcalc.sty
Package: intcalc 2019/12/15 v1.3 Expandable calculations with integers (HO)
)) (/usr/local/texlive/2020/texmf-dist/tex/generic/ulem/ulem.sty
\UL@box=\box109
\UL@hyphenbox=\box110
\UL@skip=\skip77
\UL@hook=\toks30
\UL@height=\dimen181
\UL@pe=\count284
\UL@pixel=\dimen182
\ULC@box=\box111
Package: ulem 2019/11/18
\ULdepth=\dimen183
)
\xrefbox=\box112
\xreflength=\skip78
\CodeWidthChar=\skip79
\CodeHeightChar=\skip80
\DoxyCodeWidth=\skip81
\c@DoxyEnumeratei=\count285
\c@DoxyEnumerateii=\count286
\c@DoxyEnumerateiii=\count287
\c@DoxyEnumerateiv=\count288
\c@DoxyEnumeratev=\count289
\c@DoxyEnumeratevi=\count290
\c@DoxyEnumeratevii=\count291
\c@DoxyEnumerateviii=\count292
\c@DoxyEnumerateix=\count293
\c@DoxyEnumeratex=\count294
\c@DoxyEnumeratexi=\count295
\c@DoxyEnumeratexii=\count296
\enitdp@DoxyEnumerate=\count297
\enitdp@DoxyItemize=\count298
) (/usr/local/texlive/2020/texmf-dist/tex/latex/base/inputenc.sty
Package: inputenc 2018/08/11 v1.3c Input encoding file
\inpenc@prehook=\toks31
\inpenc@posthook=\toks32
) (/usr/local/texlive/2020/texmf-dist/tex/latex/base/makeidx.sty
Package: makeidx 2014/09/29 v1.0m Standard LaTeX package
) (/usr/local/texlive/2020/texmf-dist/tex/latex/base/textcomp.sty
Package: textcomp 2020/02/02 v2.0n Standard LaTeX package
) (/usr/local/texlive/2020/texmf-dist/tex/latex/wasysym/wasysym.sty
Package: wasysym 2020/01/19 v2.4 Wasy-2 symbol support package
\symwasy=\mathgroup6
LaTeX Font Info:    Overwriting symbol font `wasy' in version `bold'
(Font)                  U/wasy/m/n --> U/wasy/b/n on input line 93.
) (/usr/local/texlive/2020/texmf-dist/tex/generic/iftex/ifxetex.sty
Package: ifxetex 2019/10/25 v0.7 ifxetex legacy package. Use iftex instead.
) (/usr/local/texlive/2020/texmf-dist/tex/latex/base/fontenc.sty
Package: fontenc 2020/02/11 v2.0o Standard LaTeX package
) (/usr/local/texlive/2020/texmf-dist/tex/latex/psnfss/helvet.sty
Package: helvet 2020/03/25 PSNFSS-v9.3 (WaS) 
) (/usr/local/texlive/2020/texmf-dist/tex/latex/psnfss/courier.sty
Package: courier 2020/03/25 PSNFSS-v9.3 (WaS) 
) (/usr/local/texlive/2020/texmf-dist/tex/latex/sectsty/sectsty.sty
Package: sectsty 2002/02/25 v2.0.2 Commands to change all sectional heading styles


LaTeX Warning: Command \underbar  has changed.
               Check if current package is valid.


LaTeX Warning: Command \underline  has changed.
               Check if current package is valid.

) (/usr/local/texlive/2020/texmf-dist/tex/latex/geometry/geometry.sty
Package: geometry 2020/01/02 v5.9 Page Geometry
 (/usr/local/texlive/2020/texmf-dist/tex/generic/iftex/ifvtex.sty
Package: ifvtex 2019/10/25 v1.7 ifvtex legacy package. Use iftex instead.
)
\Gm@cnth=\count299
\Gm@cntv=\count300
\c@Gm@tempcnt=\count301
\Gm@bindingoffset=\dimen184
\Gm@wd@mp=\dimen185
\Gm@odd@mp=\dimen186
\Gm@even@mp=\dimen187
\Gm@layoutwidth=\dimen188
\Gm@layoutheight=\dimen189
\Gm@layouthoffset=\dimen190
\Gm@layoutvoffset=\dimen191
\Gm@dimlist=\toks33
) (/usr/local/texlive/2020/texmf-dist/tex/latex/fancyhdr/fancyhdr.sty
Package: fancyhdr 2019/01/31 v3.10 Extensive control of page headers and footers
\f@nch@headwidth=\skip82
\f@nch@O@elh=\skip83
\f@nch@O@erh=\skip84
\f@nch@O@olh=\skip85
\f@nch@O@orh=\skip86
\f@nch@O@elf=\skip87
\f@nch@O@erf=\skip88
\f@nch@O@olf=\skip89
\f@nch@O@orf=\skip90
) (/usr/local/texlive/2020/texmf-dist/tex/latex/natbib/natbib.sty
Package: natbib 2010/09/13 8.31b (PWD, AO)
\bibhang=\skip91
\bibsep=\skip92
LaTeX Info: Redefining \cite on input line 694.
\c@NAT@ctr=\count302
) (/usr/local/texlive/2020/texmf-dist/tex/latex/tocloft/tocloft.sty
Package: tocloft 2017/08/31 v2.3i parameterised ToC, etc., typesetting
Package tocloft Info: The document has chapter divisions on input line 51.
\cftparskip=\skip93
\cftbeforetoctitleskip=\skip94
\cftaftertoctitleskip=\skip95
\cftbeforepartskip=\skip96
\cftpartnumwidth=\skip97
\cftpartindent=\skip98
\cftbeforechapskip=\skip99
\cftchapindent=\skip100
\cftchapnumwidth=\skip101
\cftbeforesecskip=\skip102
\cftsecindent=\skip103
\cftsecnumwidth=\skip104
\cftbeforesubsecskip=\skip105
\cftsubsecindent=\skip106
\cftsubsecnumwidth=\skip107
\cftbeforesubsubsecskip=\skip108
\cftsubsubsecindent=\skip109
\cftsubsubsecnumwidth=\skip110
\cftbeforeparaskip=\skip111
\cftparaindent=\skip112
\cftparanumwidth=\skip113
\cftbeforesubparaskip=\skip114
\cftsubparaindent=\skip115
\cftsubparanumwidth=\skip116
\cftbeforeloftitleskip=\skip117
\cftafterloftitleskip=\skip118
\cftbeforefigskip=\skip119
\cftfigindent=\skip120
\cftfignumwidth=\skip121
\c@lofdepth=\count303
\c@lotdepth=\count304
\cftbeforelottitleskip=\skip122
\cftafterlottitleskip=\skip123
\cftbeforetabskip=\skip124
\cfttabindent=\skip125
\cfttabnumwidth=\skip126
)
\@indexfile=\write4
\openout4 = `refman.idx'.


Writing index file refman.idx
(/usr/local/texlive/2020/texmf-dist/tex/latex/newunicodechar/newunicodechar.sty
Package: newunicodechar 2018/04/08 v1.2 Defining Unicode characters
)

Package newunicodechar Warning: Redefining Unicode character on input line 116.


Package newunicodechar Warning: Redefining Unicode character on input line 117.

(/usr/local/texlive/2020/texmf-dist/tex/latex/hyperref/hyperref.sty
Package: hyperref 2020-05-15 v7.00e Hypertext links for LaTeX
 (/usr/local/texlive/2020/texmf-dist/tex/generic/ltxcmds/ltxcmds.sty
Package: ltxcmds 2020-05-10 v1.25 LaTeX kernel commands for general use (HO)
) (/usr/local/texlive/2020/texmf-dist/tex/generic/pdftexcmds/pdftexcmds.sty
Package: pdftexcmds 2020-06-27 v0.33 Utility functions of pdfTeX for LuaTeX (HO)
Package pdftexcmds Info: \pdf@primitive is available.
Package pdftexcmds Info: \pdf@ifprimitive is available.
Package pdftexcmds Info: \pdfdraftmode found.
) (/usr/local/texlive/2020/texmf-dist/tex/generic/kvsetkeys/kvsetkeys.sty
Package: kvsetkeys 2019/12/15 v1.18 Key value parser (HO)
) (/usr/local/texlive/2020/texmf-dist/tex/generic/kvdefinekeys/kvdefinekeys.sty
Package: kvdefinekeys 2019-12-19 v1.6 Define keys (HO)
) (/usr/local/texlive/2020/texmf-dist/tex/generic/pdfescape/pdfescape.sty
Package: pdfescape 2019/12/09 v1.15 Implements pdfTeX's escape features (HO)
) (/usr/local/texlive/2020/texmf-dist/tex/latex/hycolor/hycolor.sty
Package: hycolor 2020-01-27 v1.10 Color options for hyperref/bookmark (HO)
) (/usr/local/texlive/2020/texmf-dist/tex/latex/letltxmacro/letltxmacro.sty
Package: letltxmacro 2019/12/03 v1.6 Let assignment for LaTeX macros (HO)
) (/usr/local/texlive/2020/texmf-dist/tex/latex/auxhook/auxhook.sty
Package: auxhook 2019-12-17 v1.6 Hooks for auxiliary files (HO)
) (/usr/local/texlive/2020/texmf-dist/tex/latex/kvoptions/kvoptions.sty
Package: kvoptions 2019/11/29 v3.13 Key value format for package options (HO)
)
\@linkdim=\dimen192
\Hy@linkcounter=\count305
\Hy@pagecounter=\count306
 (/usr/local/texlive/2020/texmf-dist/tex/latex/hyperref/pd1enc.def
File: pd1enc.def 2020-05-15 v7.00e Hyperref: PDFDocEncoding definition (HO)
Now handling font encoding PD1 ...
... no UTF-8 mapping file for font encoding PD1
) (/usr/local/texlive/2020/texmf-dist/tex/generic/etexcmds/etexcmds.sty
Package: etexcmds 2019/12/15 v1.7 Avoid name clashes with e-TeX commands (HO)
)
\Hy@SavedSpaceFactor=\count307
Package hyperref Info: Hyper figures OFF on input line 4464.
Package hyperref Info: Link nesting OFF on input line 4469.
Package hyperref Info: Hyper index ON on input line 4472.
Package hyperref Info: Plain pages OFF on input line 4479.
Package hyperref Info: Backreferencing ON on input line 4482.
Package hyperref Info: Implicit mode ON; LaTeX internals redefined.
Package hyperref Info: Bookmarks ON on input line 4717.
 (/usr/local/texlive/2020/texmf-dist/tex/latex/hyperref/backref.sty
Package: backref 2020/01/14 v1.40 Bibliographical back referencing
 (/usr/local/texlive/2020/texmf-dist/tex/latex/rerunfilecheck/rerunfilecheck.sty
Package: rerunfilecheck 2019/12/05 v1.9 Rerun checks for auxiliary files (HO)
 (/usr/local/texlive/2020/texmf-dist/tex/latex/atveryend/atveryend.sty
Package: atveryend 2019-12-11 v1.11 Hooks at the very end of document (HO)
) (/usr/local/texlive/2020/texmf-dist/tex/generic/uniquecounter/uniquecounter.sty
Package: uniquecounter 2019/12/15 v1.4 Provide unlimited unique counter (HO)
 (/usr/local/texlive/2020/texmf-dist/tex/generic/bigintcalc/bigintcalc.sty
Package: bigintcalc 2019/12/15 v1.5 Expandable calculations on big integers (HO)
))
Package uniquecounter Info: New unique counter `rerunfilecheck' on input line 286.
))
\c@Hy@tempcnt=\count308
 (/usr/local/texlive/2020/texmf-dist/tex/latex/url/url.sty
\Urlmuskip=\muskip16
Package: url 2013/09/16  ver 3.4  Verb mode for urls, etc.
)
LaTeX Info: Redefining \url on input line 5076.
\XeTeXLinkMargin=\dimen193
 (/usr/local/texlive/2020/texmf-dist/tex/generic/bitset/bitset.sty
Package: bitset 2019/12/09 v1.3 Handle bit-vector datatype (HO)
)
\Fld@menulength=\count309
\Field@Width=\dimen194
\Fld@charsize=\dimen195
Package hyperref Info: Hyper figures OFF on input line 6347.
Package hyperref Info: Link nesting OFF on input line 6352.
Package hyperref Info: Hyper index ON on input line 6355.
Package hyperref Info: backreferencing ON on input line 6360.
Package hyperref Info: Link coloring OFF on input line 6367.
Package hyperref Info: Link coloring with OCG OFF on input line 6372.
Package hyperref Info: PDF/A mode OFF on input line 6377.
LaTeX Info: Redefining \ref on input line 6417.
LaTeX Info: Redefining \pageref on input line 6421.
 (/usr/local/texlive/2020/texmf-dist/tex/generic/atbegshi/atbegshi.sty
Package: atbegshi 2019/12/05 v1.19 At begin shipout hook (HO)
)
\Hy@abspage=\count310
\c@Item=\count311
\c@Hfootnote=\count312
)
Package hyperref Info: Driver: hpdftex.
 (/usr/local/texlive/2020/texmf-dist/tex/latex/hyperref/hpdftex.def
File: hpdftex.def 2020-05-15 v7.00e Hyperref driver for pdfTeX
\Fld@listcount=\count313
\c@bookmark@seq@number=\count314
\Hy@SectionHShift=\skip127
)
Package hyperref Info: Option `colorlinks' set `true' on input line 136.
Package hyperref Info: Option `unicode' set `true' on input line 136.
 (/usr/local/texlive/2020/texmf-dist/tex/latex/hyperref/puenc.def
File: puenc.def 2020-05-15 v7.00e Hyperref: PDF Unicode definition (HO)
Now handling font encoding PU ...
... no UTF-8 mapping file for font encoding PU
) (/usr/local/texlive/2020/texmf-dist/tex/latex/caption/caption.sty
Package: caption 2020/09/12 v3.5b Customizing captions (AR)
 (/usr/local/texlive/2020/texmf-dist/tex/latex/caption/caption3.sty
Package: caption3 2020/09/17 v2.1b caption3 kernel (AR)
\captionmargin=\dimen196
\captionmargin@=\dimen197
\captionwidth=\dimen198
\caption@tempdima=\dimen199
\caption@indent=\dimen256
\caption@parindent=\dimen257
\caption@hangindent=\dimen258
Package caption Info: Standard document class detected.
)
\c@caption@flags=\count315
\c@continuedfloat=\count316
Package caption Info: float package is loaded.
Package caption Info: hyperref package is loaded.
Package caption Info: longtable package is loaded.
 (/usr/local/texlive/2020/texmf-dist/tex/latex/caption/ltcaption.sty
Package: ltcaption 2020/05/30 v1.4b longtable captions (AR)
)) (/usr/local/texlive/2020/texmf-dist/tex/latex/etoc/etoc.sty
Package: etoc 2020/05/15 v1.09c Completely customisable TOCs (JFB)
\Etoc@toctoks=\toks34
\c@etoc@tocid=\count317
\c@etoc@tocdepth=\count318
\etoc@framed@titlebox=\box113
\etoc@framed@contentsbox=\box114
) (/usr/local/texlive/2020/texmf-dist/tex/latex/l3backend/l3backend-pdftex.def
File: l3backend-pdftex.def 2020-09-24 L3 backend support: PDF output (pdfTeX)
\l__kernel_color_stack_int=\count319
\l__pdf_internal_box=\box115
) (/Users/FabianFranz/Development/Projects/AVRCubeRev2/AvrCubeV2Code/Doxygen/Output/latex/refman.aux)
\openout1 = `refman.aux'.

LaTeX Font Info:    Checking defaults for OML/cmm/m/it on input line 152.
LaTeX Font Info:    ... okay on input line 152.
LaTeX Font Info:    Checking defaults for OMS/cmsy/m/n on input line 152.
LaTeX Font Info:    ... okay on input line 152.
LaTeX Font Info:    Checking defaults for OT1/cmr/m/n on input line 152.
LaTeX Font Info:    ... okay on input line 152.
LaTeX Font Info:    Checking defaults for T1/cmr/m/n on input line 152.
LaTeX Font Info:    ... okay on input line 152.
LaTeX Font Info:    Checking defaults for TS1/cmr/m/n on input line 152.
LaTeX Font Info:    ... okay on input line 152.
LaTeX Font Info:    Checking defaults for OMX/cmex/m/n on input line 152.
LaTeX Font Info:    ... okay on input line 152.
LaTeX Font Info:    Checking defaults for U/cmr/m/n on input line 152.
LaTeX Font Info:    ... okay on input line 152.
LaTeX Font Info:    Checking defaults for PD1/pdf/m/n on input line 152.
LaTeX Font Info:    ... okay on input line 152.
LaTeX Font Info:    Checking defaults for PU/pdf/m/n on input line 152.
LaTeX Font Info:    ... okay on input line 152.
LaTeX Font Info:    Trying to load font information for T1+phv on input line 152.
 (/usr/local/texlive/2020/texmf-dist/tex/latex/psnfss/t1phv.fd
File: t1phv.fd 2020/03/25 scalable font definitions for T1/phv.
)
LaTeX Font Info:    Font shape `T1/phv/m/n' will be
(Font)              scaled to size 8.99994pt on input line 152.
 (/usr/local/texlive/2020/texmf-dist/tex/context/base/mkii/supp-pdf.mkii
[Loading MPS to PDF converter (version 2006.09.02).]
\scratchcounter=\count320
\scratchdimen=\dimen259
\scratchbox=\box116
\nofMPsegments=\count321
\nofMParguments=\count322
\everyMPshowfont=\toks35
\MPscratchCnt=\count323
\MPscratchDim=\dimen260
\MPnumerator=\count324
\makeMPintoPDFobject=\count325
\everyMPtoPDFconversion=\toks36
) (/usr/local/texlive/2020/texmf-dist/tex/latex/epstopdf-pkg/epstopdf-base.sty
Package: epstopdf-base 2020-01-24 v2.11 Base part for package epstopdf
Package epstopdf-base Info: Redefining graphics rule for `.eps' on input line 485.
 (/usr/local/texlive/2020/texmf-dist/tex/latex/latexconfig/epstopdf-sys.cfg
File: epstopdf-sys.cfg 2010/07/13 v1.3 Configuration of (r)epstopdf for TeX Live
))
*geometry* driver: auto-detecting
*geometry* detected driver: pdftex
*geometry* verbose mode - [ preamble ] result:
* driver: pdftex
* paper: a4paper
* layout: <same size as paper>
* layoutoffset:(h,v)=(0.0pt,0.0pt)
* modes: twoside 
* h-part:(L,W,R)=(71.13188pt, 455.24411pt, 71.13188pt)
* v-part:(T,H,B)=(71.13188pt, 702.78308pt, 71.13188pt)
* \paperwidth=597.50787pt
* \paperheight=845.04684pt
* \textwidth=455.24411pt
* \textheight=702.78308pt
* \oddsidemargin=-1.1381pt
* \evensidemargin=-1.1381pt
* \topmargin=-31.2056pt
* \headheight=12.0pt
* \headsep=18.06749pt
* \topskip=10.0pt
* \footskip=25.29494pt
* \marginparwidth=125.0pt
* \marginparsep=7.0pt
* \columnsep=10.0pt
* \skip\footins=9.0pt plus 4.0pt minus 2.0pt
* \hoffset=0.0pt
* \voffset=0.0pt
* \mag=1000
* \@twocolumnfalse
* \@twosidetrue
* \@mparswitchtrue
* \@reversemarginfalse
* (1in=72.27pt=25.4mm, 1cm=28.453pt)

Package backref Info: ** backref set up for natbib ** on input line 152.
\AtBeginShipoutBox=\box117
Package hyperref Info: Link coloring ON on input line 152.
(/usr/local/texlive/2020/texmf-dist/tex/latex/hyperref/nameref.sty
Package: nameref 2019/09/16 v2.46 Cross-referencing by name of section
 (/usr/local/texlive/2020/texmf-dist/tex/latex/refcount/refcount.sty
Package: refcount 2019/12/15 v3.6 Data extraction from label references (HO)
) (/usr/local/texlive/2020/texmf-dist/tex/generic/gettitlestring/gettitlestring.sty
Package: gettitlestring 2019/12/15 v1.6 Cleanup title references (HO)
)
\c@section@level=\count326
)
LaTeX Info: Redefining \ref on input line 152.
LaTeX Info: Redefining \pageref on input line 152.
LaTeX Info: Redefining \nameref on input line 152.
 (/Users/FabianFranz/Development/Projects/AVRCubeRev2/AvrCubeV2Code/Doxygen/Output/latex/refman.out) (/Users/FabianFranz/Development/Projects/AVRCubeRev2/AvrCubeV2Code/Doxygen/Output/latex/refman.out)
\@outlinefile=\write5
\openout5 = `refman.out'.

Package caption Info: Begin \AtBeginDocument code.
Package caption Info: End \AtBeginDocument code.
\Etoc@tf=\read4
Package hyperref Info: Option `pageanchor' set `false' on input line 160.
Package hyperref Info: Option `bookmarksnumbered' set `true' on input line 160.
Package hyperref Info: Option `unicode' set `true' on input line 160.
LaTeX Font Info:    Font shape `T1/phv/m/n' will be
(Font)              scaled to size 12.9599pt on input line 165.
LaTeX Font Info:    Font shape `T1/phv/m/n' will be
(Font)              scaled to size 6.29996pt on input line 165.
LaTeX Font Info:    Trying to load font information for U+msa on input line 165.
 (/usr/local/texlive/2020/texmf-dist/tex/latex/amsfonts/umsa.fd
File: umsa.fd 2013/01/14 v3.01 AMS symbols A
)
LaTeX Font Info:    Trying to load font information for U+msb on input line 165.
 (/usr/local/texlive/2020/texmf-dist/tex/latex/amsfonts/umsb.fd
File: umsb.fd 2013/01/14 v3.01 AMS symbols B
)
LaTeX Font Info:    Trying to load font information for U+wasy on input line 165.
 (/usr/local/texlive/2020/texmf-dist/tex/latex/wasysym/uwasy.fd
File: uwasy.fd 2020/01/19 v2.4 Wasy-2 symbol font definitions
)
LaTeX Font Info:    Font shape `T1/phv/m/n' will be
(Font)              scaled to size 10.79993pt on input line 167.
 [1


{/usr/local/texlive/2020/texmf-var/fonts/map/pdftex/updmap/pdftex.map}] [2

]
\tf@toc=\write6
\openout6 = `refman.toc'.

LaTeX Font Info:    Font shape `T1/phv/b/n' will be
(Font)              scaled to size 8.99994pt on input line 173.
LaTeX Font Info:    Font shape `T1/phv/b/n' will be
(Font)              scaled to size 6.29996pt on input line 173.
 [1] [2]
Package hyperref Info: Option `pageanchor' set `true' on input line 176.

Chapter 1.
LaTeX Font Info:    Font shape `T1/phv/m/n' will be
(Font)              scaled to size 18.66588pt on input line 178.
LaTeX Font Info:    Font shape `T1/phv/b/n' will be
(Font)              scaled to size 18.66588pt on input line 178.
LaTeX Font Info:    Font shape `T1/phv/bc/n' will be
(Font)              scaled to size 18.66588pt on input line 178.
LaTeX Font Info:    Font shape `T1/phv/m/n' will be
(Font)              scaled to size 22.39185pt on input line 178.
LaTeX Font Info:    Font shape `T1/phv/b/n' will be
(Font)              scaled to size 22.39185pt on input line 178.
LaTeX Font Info:    Font shape `T1/phv/bc/n' will be
(Font)              scaled to size 22.39185pt on input line 178.
(/Users/FabianFranz/Development/Projects/AVRCubeRev2/AvrCubeV2Code/Doxygen/Output/latex/files.tex
LaTeX Font Info:    Font shape `T1/phv/b/n' will be
(Font)              scaled to size 12.9599pt on input line 1.
) [1


] [2

]
Chapter 2.
(/Users/FabianFranz/Development/Projects/AVRCubeRev2/AvrCubeV2Code/Doxygen/Output/latex/main_8cpp.tex
LaTeX Font Info:    Trying to load font information for T1+pcr on input line 8.
 (/usr/local/texlive/2020/texmf-dist/tex/latex/psnfss/t1pcr.fd
File: t1pcr.fd 2001/06/04 font definitions for T1/pcr.
)
Underfull \hbox (badness 10000) in paragraph at lines 8--9

 []

LaTeX Font Info:    Font shape `T1/phv/b/n' will be
(Font)              scaled to size 10.79993pt on input line 9.
LaTeX Font Info:    Trying to load font information for TS1+phv on input line 12.
(/usr/local/texlive/2020/texmf-dist/tex/latex/psnfss/ts1phv.fd
File: ts1phv.fd 2020/03/25 scalable font definitions for TS1/phv.
)
LaTeX Font Info:    Font shape `TS1/phv/m/n' will be
(Font)              scaled to size 8.99994pt on input line 12.
LaTeX Font Info:    Font shape `T1/phv/m/n' will be
(Font)              scaled to size 8.09995pt on input line 16.
LaTeX Font Info:    Font shape `T1/phv/m/it' in size <9> not available
(Font)              Font shape `T1/phv/m/sl' tried instead on input line 16.
LaTeX Font Info:    Font shape `T1/phv/m/sl' will be
(Font)              scaled to size 8.09995pt on input line 16.
LaTeX Font Info:    Font shape `T1/phv/m/it' in size <7> not available
(Font)              Font shape `T1/phv/m/sl' tried instead on input line 16.
LaTeX Font Info:    Font shape `T1/phv/m/sl' will be
(Font)              scaled to size 6.29996pt on input line 16.
 [3]
LaTeX Font Info:    Font shape `TS1/phv/m/it' in size <9> not available
(Font)              Font shape `TS1/phv/m/sl' tried instead on input line 65.
LaTeX Font Info:    Font shape `TS1/phv/m/sl' will be
(Font)              scaled to size 8.09995pt on input line 65.
LaTeX Font Info:    Font shape `T1/phv/bc/n' will be
(Font)              scaled to size 8.99994pt on input line 114.

Underfull \hbox (badness 10000) detected at line 114
[][][]
 []

[4]
Underfull \hbox (badness 10000) detected at line 117
[][][]
 []


Underfull \hbox (badness 10000) detected at line 120
[][][]
 []


Underfull \hbox (badness 10000) detected at line 123
[][][]
 []

LaTeX Font Info:    Font shape `T1/phv/m/n' will be
(Font)              scaled to size 7.19995pt on input line 143.

Underfull \hbox (badness 10000) detected at line 149
[][][]
 []


Underfull \hbox (badness 10000) detected at line 162
[][][]
 []

[5]
Underfull \hbox (badness 10000) detected at line 175
[][][]
 []

LaTeX Font Info:    Font shape `T1/pcr/m/it' in size <8> not available
(Font)              Font shape `T1/pcr/m/sl' tried instead on input line 182.
[6]
Underfull \hbox (badness 10000) detected at line 236
[][][]
 []


Underfull \hbox (badness 10000) detected at line 239
[][][]
 []


Underfull \hbox (badness 10000) detected at line 273
[][][]
 []

[7] [8]
Underfull \hbox (badness 10000) detected at line 291
[][][]
 []


Underfull \hbox (badness 10000) detected at line 309
[][][]
 []

[9]
Underfull \hbox (badness 10000) detected at line 367
[][][]
 []


Underfull \hbox (badness 10000) detected at line 380
[][][]
 []

LaTeX Font Info:    Font shape `T1/pcr/m/it' in size <7> not available
(Font)              Font shape `T1/pcr/m/sl' tried instead on input line 387.
[10]
Underfull \hbox (badness 10000) detected at line 408
[][][]
 []


Underfull \hbox (badness 10000) detected at line 441
[][][]
 []

[11] [12]
Underfull \hbox (badness 10000) detected at line 469
[][][]
 []

) (/Users/FabianFranz/Development/Projects/AVRCubeRev2/AvrCubeV2Code/Doxygen/Output/latex/main_8hpp.tex
Underfull \hbox (badness 10000) in paragraph at lines 8--14

 []

[13] [14] [15]
Underfull \hbox (badness 10000) detected at line 240
[][][]
 []


Underfull \hbox (badness 10000) detected at line 243
[][][]
 []


Underfull \hbox (badness 10000) detected at line 246
[][][]
 []


Underfull \hbox (badness 10000) detected at line 249
[][][]
 []


Underfull \hbox (badness 10000) detected at line 275
[][][]
 []


Underfull \hbox (badness 10000) detected at line 288
[][][]
 []

[16]
Underfull \hbox (badness 10000) detected at line 301
[][][]
 []

[17]
Underfull \hbox (badness 10000) detected at line 362
[][][]
 []


Underfull \hbox (badness 10000) detected at line 365
[][][]
 []

[18]
Underfull \hbox (badness 10000) detected at line 399
[][][]
 []


Underfull \hbox (badness 10000) detected at line 417
[][][]
 []


Underfull \hbox (badness 10000) detected at line 435
[][][]
 []

[19] [20]
Underfull \hbox (badness 10000) detected at line 493
[][][]
 []

[21]
Underfull \hbox (badness 10000) detected at line 506
[][][]
 []


Underfull \hbox (badness 10000) detected at line 534
[][][]
 []

[22]
Underfull \hbox (badness 10000) detected at line 567
[][][]
 []


Underfull \hbox (badness 10000) detected at line 595
[][][]
 []

[23]) (/Users/FabianFranz/Development/Projects/AVRCubeRev2/AvrCubeV2Code/Doxygen/Output/latex/main_8hpp_source.tex [24]) [25] [26

] (/Users/FabianFranz/Development/Projects/AVRCubeRev2/AvrCubeV2Code/Doxygen/Output/latex/refman.ind
Overfull \hbox (133.78973pt too wide) in paragraph at lines 3--5
[]\T1/phv/m/n/10 /Users/FabianFranz/Development/Projects/AVRCubeRev2/AvrCubeV2Code/src/main.cpp,
 []


Overfull \hbox (134.29367pt too wide) in paragraph at lines 5--7
[]\T1/phv/m/n/10 /Users/FabianFranz/Development/Projects/AVRCubeRev2/AvrCubeV2Code/src/main.hpp,
 []

[27


] [28

])
Package atveryend Info: Empty hook `BeforeClearDocument' on input line 193.
Package atveryend Info: Empty hook `AfterLastShipout' on input line 193.
 (/Users/FabianFranz/Development/Projects/AVRCubeRev2/AvrCubeV2Code/Doxygen/Output/latex/refman.aux)
Package atveryend Info: Executing hook `AtVeryEndDocument' on input line 193.
Package atveryend Info: Executing hook `AtEndAfterFileList' on input line 193.
Package rerunfilecheck Info: File `refman.out' has not changed.
(rerunfilecheck)             Checksum: C6F9F5DE177B2CCA5192FCE940A34823;10594.
 ) 
Here is how much of TeX's memory you used:
 17502 strings out of 480875
 267361 string characters out of 5907566
 560498 words of memory out of 5000000
 32554 multiletter control sequences out of 15000+600000
 593051 words of font info for 99 fonts, out of 8000000 for 9000
 1141 hyphenation exceptions out of 8191
 59i,16n,97p,987b,627s stack positions out of 5000i,500n,10000p,200000b,80000s
{/usr/local/texlive/2020/texmf-dist/fonts/enc/dvips/base/8r.enc}</usr/local/texlive/2020/texmf-dist/fonts/type1/public/amsfonts/cm/cmmi10.pfb></usr/local/texlive/2020/texmf-dist/fonts/type1/public/amsfonts/cm/cmmi7.pfb></usr/local/texlive/2020/texmf-dist/fonts/type1/public/amsfonts/cm/cmsy10.pfb></usr/local/texlive/2020/texmf-dist/fonts/type1/public/amsfonts/cm/cmsy7.pfb></usr/local/texlive/2020/texmf-dist/fonts/type1/public/amsfonts/cm/cmsy8.pfb></usr/local/texlive/2020/texmf-dist/fonts/type1/urw/courier/ucrr8a.pfb></usr/local/texlive/2020/texmf-dist/fonts/type1/urw/courier/ucrro8a.pfb></usr/local/texlive/2020/texmf-dist/fonts/type1/urw/helvetic/uhvb8a.pfb></usr/local/texlive/2020/texmf-dist/fonts/type1/urw/helvetic/uhvb8ac.pfb></usr/local/texlive/2020/texmf-dist/fonts/type1/urw/helvetic/uhvr8a.pfb></usr/local/texlive/2020/texmf-dist/fonts/type1/urw/helvetic/uhvro8a.pfb>
Output written on /Users/FabianFranz/Development/Projects/AVRCubeRev2/AvrCubeV2Code/Doxygen/Output/latex/refman.pdf (32 pages, 163811 bytes).
PDF statistics:
 868 PDF objects out of 1000 (max. 8388607)
 814 compressed objects within 9 object streams
 244 named destinations out of 1000 (max. 500000)
 457 words of extra memory for PDF output out of 10000 (max. 10000000)

